  stdafx.cpp
  live_camera.cpp
e:\workspace\git\livecamera\live_camera\live_camera.cpp : warning C4819: 该文件包含不能在当前代码页(936)中表示的字符。请将该文件保存为 Unicode 格式以防止数据丢失
e:\workspace\git\livecamera\live_camera\include\libavutil\rational.h : warning C4819: 该文件包含不能在当前代码页(936)中表示的字符。请将该文件保存为 Unicode 格式以防止数据丢失
e:\workspace\git\livecamera\live_camera\live_camera.cpp(162): warning C4018: “<”: 有符号/无符号不匹配
e:\workspace\git\livecamera\live_camera\live_camera.cpp(164): warning C4996: 'AVStream::codec': 被声明为已否决
  e:\workspace\git\livecamera\live_camera\include\libavformat\avformat.h(893): note: 参见“AVStream::codec”的声明
e:\workspace\git\livecamera\live_camera\live_camera.cpp(189): warning C4018: “<”: 有符号/无符号不匹配
e:\workspace\git\livecamera\live_camera\live_camera.cpp(191): warning C4996: 'AVStream::codec': 被声明为已否决
  e:\workspace\git\livecamera\live_camera\include\libavformat\avformat.h(893): note: 参见“AVStream::codec”的声明
e:\workspace\git\livecamera\live_camera\live_camera.cpp(219): warning C4996: 'AVStream::codec': 被声明为已否决
  e:\workspace\git\livecamera\live_camera\include\libavformat\avformat.h(893): note: 参见“AVStream::codec”的声明
e:\workspace\git\livecamera\live_camera\live_camera.cpp(220): warning C4996: 'AVStream::codec': 被声明为已否决
  e:\workspace\git\livecamera\live_camera\include\libavformat\avformat.h(893): note: 参见“AVStream::codec”的声明
e:\workspace\git\livecamera\live_camera\live_camera.cpp(248): warning C4996: 'AVStream::codec': 被声明为已否决
  e:\workspace\git\livecamera\live_camera\include\libavformat\avformat.h(893): note: 参见“AVStream::codec”的声明
e:\workspace\git\livecamera\live_camera\live_camera.cpp(261): warning C4996: 'AVStream::codec': 被声明为已否决
  e:\workspace\git\livecamera\live_camera\include\libavformat\avformat.h(893): note: 参见“AVStream::codec”的声明
e:\workspace\git\livecamera\live_camera\live_camera.cpp(288): warning C4996: 'AVStream::codec': 被声明为已否决
  e:\workspace\git\livecamera\live_camera\include\libavformat\avformat.h(893): note: 参见“AVStream::codec”的声明
  live_camera.vcxproj -> E:\workspace\git\LiveCamera\Debug\live_camera.exe
  live_camera.vcxproj -> E:\workspace\git\LiveCamera\Debug\live_camera.pdb (Full PDB)
